<?xml version="1.0" encoding="UTF-8"?>
<!-- Generated by org.testng.reporters.JUnitXMLReporter -->
<testsuite ignored="0" hostname="mattibharath" failures="3" tests="6" name="test" time="0.071" errors="0" timestamp="2024-06-22T12:45:51 IST">
  <testcase classname="com.comcast.crm.Organizations_Test.Interview" name="m1" time="0.007"/>
  <testcase classname="com.comcast.crm.Organizations_Test.Interview" name="m2" time="0.002">
    <failure type="java.lang.AssertionError" message="expected [bharath] but found [bharat]">
      <![CDATA[java.lang.AssertionError: expected [bharath] but found [bharat]
at com.comcast.crm.Organizations_Test.Interview.m2(Interview.java:22)
at java.base/java.util.ArrayList.forEach(ArrayList.java:1511)
... Removed 33 stack frames]]>
    </failure>
  </testcase> <!-- m2 -->
  <testcase classname="com.comcast.crm.Organizations_Test.Interview" name="m3" time="0.002"/>
  <testcase classname="com.comcast.crm.Organizations_Test.Interviewx" name="B1" time="0.002">
    <failure type="java.lang.AssertionError" message="expected [bharat] but found [bharath]">
      <![CDATA[java.lang.AssertionError: expected [bharat] but found [bharath]
at com.comcast.crm.Organizations_Test.Interviewx.B1(Interviewx.java:11)
at java.base/java.util.ArrayList.forEach(ArrayList.java:1511)
... Removed 33 stack frames]]>
    </failure>
  </testcase> <!-- B1 -->
  <testcase classname="com.comcast.crm.Organizations_Test.Interviewx" name="B2" time="0.001">
    <failure type="java.lang.AssertionError" message="expected [bharathb] but found [bharath]">
      <![CDATA[java.lang.AssertionError: expected [bharathb] but found [bharath]
at com.comcast.crm.Organizations_Test.Interviewx.B2(Interviewx.java:18)
at java.base/java.util.ArrayList.forEach(ArrayList.java:1511)
... Removed 33 stack frames]]>
    </failure>
  </testcase> <!-- B2 -->
  <testcase classname="com.comcast.crm.Organizations_Test.Interviewx" name="B3" time="0.002"/>
</testsuite> <!-- test -->
